<?xml version="1.0" encoding="UTF-8"?>
<testsuite name="TestSuite" time="13.29" tests="1" errors="0" skipped="0" failures="0">
  <properties>
    <property name="java.runtime.name" value="Java(TM) SE Runtime Environment"/>
    <property name="sun.boot.library.path" value="C:\Program Files\Java\jdk1.8.0_201\jre\bin"/>
    <property name="java.vm.version" value="25.201-b09"/>
    <property name="java.vm.vendor" value="Oracle Corporation"/>
    <property name="maven.multiModuleProjectDirectory" value="F:\My Codes\TestYantra\mavenDemo"/>
    <property name="java.vendor.url" value="http://java.oracle.com/"/>
    <property name="path.separator" value=";"/>
    <property name="guice.disable.misplaced.annotation.check" value="true"/>
    <property name="java.vm.name" value="Java HotSpot(TM) 64-Bit Server VM"/>
    <property name="file.encoding.pkg" value="sun.io"/>
    <property name="user.script" value=""/>
    <property name="user.country" value="US"/>
    <property name="sun.java.launcher" value="SUN_STANDARD"/>
    <property name="sun.os.patch.level" value=""/>
    <property name="java.vm.specification.name" value="Java Virtual Machine Specification"/>
    <property name="user.dir" value="F:\My Codes\TestYantra\mavenDemo"/>
    <property name="java.runtime.version" value="1.8.0_201-b09"/>
    <property name="java.awt.graphicsenv" value="sun.awt.Win32GraphicsEnvironment"/>
    <property name="java.endorsed.dirs" value="C:\Program Files\Java\jdk1.8.0_201\jre\lib\endorsed"/>
    <property name="os.arch" value="amd64"/>
    <property name="java.io.tmpdir" value="C:\Users\ABHINA~1\AppData\Local\Temp\"/>
    <property name="line.separator" value="&#10;"/>
    <property name="java.vm.specification.vendor" value="Oracle Corporation"/>
    <property name="user.variant" value=""/>
    <property name="os.name" value="Windows 10"/>
    <property name="classworlds.conf" value="F:\My Codes\TestYantra\.metadata\.plugins\org.eclipse.m2e.launching\launches\m2conf7339442715647913893.tmp"/>
    <property name="sun.jnu.encoding" value="Cp1252"/>
    <property name="java.library.path" value="C:\Program Files\Java\jdk1.8.0_201\bin;C:\WINDOWS\Sun\Java\bin;C:\WINDOWS\system32;C:\WINDOWS;C:/Program Files/Java/jre1.8.0_201/bin/server;C:/Program Files/Java/jre1.8.0_201/bin;C:/Program Files/Java/jre1.8.0_201/lib/amd64;C:\Program Files (x86)\Common Files\Oracle\Java\javapath;C:\Program Files (x86)\Intel\iCLS Client\;C:\ProgramData\Oracle\Java\javapath;C:\Program Files\Intel\iCLS Client\;C:\WINDOWS\system32;C:\WINDOWS;C:\WINDOWS\System32\Wbem;C:\WINDOWS\System32\WindowsPowerShell\v1.0\;C:\Program Files\Intel\IntelSGXPSW\bin\x64\Release\;C:\Program Files\Intel\IntelSGXPSW\bin\win32\Release\;C:\Program Files\Java\jdk1.8.0_112\bin;.;C:\Program Files (x86)\Intel\Intel(R) Management Engine Components\DAL;C:\Program Files\Intel\Intel(R) Management Engine Components\DAL;C:\Program Files (x86)\Intel\Intel(R) Management Engine Components\IPT;C:\Program Files\Intel\Intel(R) Management Engine Components\IPT;C:\Android;C:\Windows\System32;C:\WINDOWS\System32\OpenSSH\;C:\Program Files\Intel\WiFi\bin\;C:\Program Files\Common Files\Intel\WirelessCommon\;C:\Program Files\MySQL\MySQL Server 8.0\bin;C:\Program Files\Java\jdk-11.0.1\bin;C:\Program Files\Java\jdk-11.0.1\bin;F:\My Codes\myJars\Selenium;C:\Program Files\Apache\apache-maven-3.6.0\bin;C:\Program Files\Java\jre1.8.0_191\bin;C:\Program Files\Git\cmd;C:\Users\Abhinav Singh\AppData\Local\Programs\Python\Python37\Scripts\;C:\Users\Abhinav Singh\AppData\Local\Programs\Python\Python37\;F:\Study Related\ECLIPSE Developer\ECLIPSE Developer\eclipse;;."/>
    <property name="java.specification.name" value="Java Platform API Specification"/>
    <property name="java.class.version" value="52.0"/>
    <property name="sun.management.compiler" value="HotSpot 64-Bit Tiered Compilers"/>
    <property name="os.version" value="10.0"/>
    <property name="user.home" value="C:\Users\Abhinav Singh"/>
    <property name="user.timezone" value="Asia/Calcutta"/>
    <property name="java.awt.printerjob" value="sun.awt.windows.WPrinterJob"/>
    <property name="java.specification.version" value="1.8"/>
    <property name="file.encoding" value="Cp1252"/>
    <property name="user.name" value="Abhinav Singh"/>
    <property name="java.class.path" value="/F:/Study Related/ECLIPSE Developer/ECLIPSE Developer/eclipse/plugins/org.eclipse.m2e.maven.runtime_1.6.0.20150526-2031/jars/plexus-classworlds-2.5.2.jar"/>
    <property name="java.vm.specification.version" value="1.8"/>
    <property name="sun.arch.data.model" value="64"/>
    <property name="java.home" value="C:\Program Files\Java\jdk1.8.0_201\jre"/>
    <property name="sun.java.command" value="org.codehaus.plexus.classworlds.launcher.Launcher -B test"/>
    <property name="java.specification.vendor" value="Oracle Corporation"/>
    <property name="user.language" value="en"/>
    <property name="awt.toolkit" value="sun.awt.windows.WToolkit"/>
    <property name="java.vm.info" value="mixed mode"/>
    <property name="java.version" value="1.8.0_201"/>
    <property name="java.ext.dirs" value="C:\Program Files\Java\jdk1.8.0_201\jre\lib\ext;C:\WINDOWS\Sun\Java\lib\ext"/>
    <property name="sun.boot.class.path" value="C:\Program Files\Java\jdk1.8.0_201\jre\lib\resources.jar;C:\Program Files\Java\jdk1.8.0_201\jre\lib\rt.jar;C:\Program Files\Java\jdk1.8.0_201\jre\lib\sunrsasign.jar;C:\Program Files\Java\jdk1.8.0_201\jre\lib\jsse.jar;C:\Program Files\Java\jdk1.8.0_201\jre\lib\jce.jar;C:\Program Files\Java\jdk1.8.0_201\jre\lib\charsets.jar;C:\Program Files\Java\jdk1.8.0_201\jre\lib\jfr.jar;C:\Program Files\Java\jdk1.8.0_201\jre\classes"/>
    <property name="java.vendor" value="Oracle Corporation"/>
    <property name="maven.home" value="F:\My Codes\TestYantra\mavenDemo\EMBEDDED"/>
    <property name="file.separator" value="\"/>
    <property name="java.vendor.url.bug" value="http://bugreport.sun.com/bugreport/"/>
    <property name="sun.cpu.endian" value="little"/>
    <property name="sun.io.unicode.encoding" value="UnicodeLittle"/>
    <property name="sun.desktop" value="windows"/>
    <property name="sun.cpu.isalist" value="amd64"/>
  </properties>
  <testcase name="TestOne" classname="com.testYantra.mavenDemo.JKDemoOne" time="13.29"/>
</testsuite>