<?xml version="1.0" encoding="UTF-8"?>
<!-- Generated by org.testng.reporters.JUnitReportReporter -->
<testsuite skipped="0" hostname="BLUSTER" name="com.testYantra.mavenDemo.JKDemoOne" tests="1" failures="0" timestamp="06 Jun 2019 11:02:44 GMT" time="13.291" errors="0">
  <testcase name="TestOne" time="13.291" classname="com.testYantra.mavenDemo.JKDemoOne"/>
</testsuite> <!-- com.testYantra.mavenDemo.JKDemoOne -->
